This file contains any messages produced by compilers while
running configure, to aid debugging if configure makes a mistake.

It was created by Cfits configure 3.2.00, which was
generated by GNU Autoconf 2.69.  Invocation command line was

  $ ./configure 

## --------- ##
## Platform. ##
## --------- ##

hostname = scexao
uname -m = x86_64
uname -r = 3.8.0-19-generic
uname -s = Linux
uname -v = #29-Ubuntu SMP Wed Apr 17 18:16:28 UTC 2013

/usr/bin/uname -p = unknown
/bin/uname -X     = unknown

/bin/arch              = unknown
/usr/bin/arch -k       = unknown
/usr/convex/getsysinfo = unknown
/usr/bin/hostinfo      = unknown
/bin/machine           = unknown
/usr/bin/oslevel       = unknown
/bin/universe          = unknown

PATH: /home/scexao/bin
PATH: /home/scexao/bin
PATH: /home/scexao/bin/devices
PATH: /home/scexao/bin/GUIs
PATH: /home/scexao/bin/dm
PATH: /usr/local/cuda-6.0/bin
PATH: /usr/local/sbin
PATH: /usr/local/bin
PATH: /usr/sbin
PATH: /usr/bin
PATH: /sbin
PATH: /bin
PATH: /usr/games
PATH: /usr/local/games


## ----------- ##
## Core tests. ##
## ----------- ##

configure:2279: checking for a BSD-compatible install
configure:2347: result: /usr/bin/install -c
configure:2358: checking whether build environment is sane
configure:2413: result: yes
configure:2564: checking for a thread-safe mkdir -p
configure:2603: result: /bin/mkdir -p
configure:2610: checking for gawk
configure:2626: found /usr/bin/gawk
configure:2637: result: gawk
configure:2648: checking whether make sets $(MAKE)
configure:2670: result: yes
configure:2699: checking whether make supports nested variables
configure:2716: result: yes
configure:2812: checking for style of include used by make
configure:2840: result: GNU
configure:2911: checking for gcc
configure:2927: found /usr/bin/gcc
configure:2938: result: gcc
configure:3167: checking for C compiler version
configure:3176: gcc --version >&5
gcc (Ubuntu/Linaro 4.7.3-1ubuntu1) 4.7.3
Copyright (C) 2012 Free Software Foundation, Inc.
This is free software; see the source for copying conditions.  There is NO
warranty; not even for MERCHANTABILITY or FITNESS FOR A PARTICULAR PURPOSE.

configure:3187: $? = 0
configure:3176: gcc -v >&5
Using built-in specs.
COLLECT_GCC=gcc
COLLECT_LTO_WRAPPER=/usr/lib/gcc/x86_64-linux-gnu/4.7/lto-wrapper
Target: x86_64-linux-gnu
Configured with: ../src/configure -v --with-pkgversion='Ubuntu/Linaro 4.7.3-1ubuntu1' --with-bugurl=file:///usr/share/doc/gcc-4.7/README.Bugs --enable-languages=c,c++,go,fortran,objc,obj-c++ --prefix=/usr --program-suffix=-4.7 --enable-shared --enable-linker-build-id --libexecdir=/usr/lib --without-included-gettext --enable-threads=posix --with-gxx-include-dir=/usr/include/c++/4.7 --libdir=/usr/lib --enable-nls --with-sysroot=/ --enable-clocale=gnu --enable-libstdcxx-debug --enable-libstdcxx-time=yes --enable-gnu-unique-object --enable-plugin --with-system-zlib --enable-objc-gc --with-cloog --enable-cloog-backend=ppl --disable-cloog-version-check --disable-ppl-version-check --enable-multiarch --disable-werror --with-arch-32=i686 --with-abi=m64 --with-multilib-list=m32,m64,mx32 --with-tune=generic --enable-checking=release --build=x86_64-linux-gnu --host=x86_64-linux-gnu --target=x86_64-linux-gnu
Thread model: posix
gcc version 4.7.3 (Ubuntu/Linaro 4.7.3-1ubuntu1) 
configure:3187: $? = 0
configure:3176: gcc -V >&5
gcc: error: unrecognized command line option '-V'
gcc: fatal error: no input files
compilation terminated.
configure:3187: $? = 4
configure:3176: gcc -qversion >&5
gcc: error: unrecognized command line option '-qversion'
gcc: fatal error: no input files
compilation terminated.
configure:3187: $? = 4
configure:3207: checking whether the C compiler works
configure:3229: gcc    conftest.c  >&5
configure:3233: $? = 0
configure:3281: result: yes
configure:3284: checking for C compiler default output file name
configure:3286: result: a.out
configure:3292: checking for suffix of executables
configure:3299: gcc -o conftest    conftest.c  >&5
configure:3303: $? = 0
configure:3325: result: 
configure:3347: checking whether we are cross compiling
configure:3355: gcc -o conftest    conftest.c  >&5
configure:3359: $? = 0
configure:3366: ./conftest
configure:3370: $? = 0
configure:3385: result: no
configure:3390: checking for suffix of object files
configure:3412: gcc -c   conftest.c >&5
configure:3416: $? = 0
configure:3437: result: o
configure:3441: checking whether we are using the GNU C compiler
configure:3460: gcc -c   conftest.c >&5
configure:3460: $? = 0
configure:3469: result: yes
configure:3478: checking whether gcc accepts -g
configure:3498: gcc -c -g  conftest.c >&5
configure:3498: $? = 0
configure:3539: result: yes
configure:3556: checking for gcc option to accept ISO C89
configure:3619: gcc  -c -g -O2  conftest.c >&5
configure:3619: $? = 0
configure:3632: result: none needed
configure:3654: checking dependency style of gcc
configure:3765: result: gcc3
configure:3830: checking for ar
configure:3846: found /usr/bin/ar
configure:3857: result: ar
configure:3883: checking the archiver (ar) interface
configure:3893: gcc -c -g -O2  conftest.c >&5
configure:3893: $? = 0
configure:3895: ar cru libconftest.a conftest.o >&5
configure:3898: $? = 0
configure:3921: result: ar
configure:3971: checking build system type
configure:3985: result: x86_64-unknown-linux-gnu
configure:4005: checking host system type
configure:4018: result: x86_64-unknown-linux-gnu
configure:4059: checking how to print strings
configure:4086: result: printf
configure:4107: checking for a sed that does not truncate output
configure:4171: result: /bin/sed
configure:4189: checking for grep that handles long lines and -e
configure:4247: result: /bin/grep
configure:4252: checking for egrep
configure:4314: result: /bin/grep -E
configure:4319: checking for fgrep
configure:4381: result: /bin/grep -F
configure:4416: checking for ld used by gcc
configure:4483: result: /usr/bin/ld
configure:4490: checking if the linker (/usr/bin/ld) is GNU ld
configure:4505: result: yes
configure:4517: checking for BSD- or MS-compatible name lister (nm)
configure:4566: result: /usr/bin/nm -B
configure:4696: checking the name lister (/usr/bin/nm -B) interface
configure:4703: gcc -c -g -O2  conftest.c >&5
configure:4706: /usr/bin/nm -B "conftest.o"
configure:4709: output
0000000000000000 B some_variable
configure:4716: result: BSD nm
configure:4719: checking whether ln -s works
configure:4723: result: yes
configure:4731: checking the maximum length of command line arguments
configure:4862: result: 1572864
configure:4879: checking whether the shell understands some XSI constructs
configure:4889: result: yes
configure:4893: checking whether the shell understands "+="
configure:4899: result: yes
configure:4934: checking how to convert x86_64-unknown-linux-gnu file names to x86_64-unknown-linux-gnu format
configure:4974: result: func_convert_file_noop
configure:4981: checking how to convert x86_64-unknown-linux-gnu file names to toolchain format
configure:5001: result: func_convert_file_noop
configure:5008: checking for /usr/bin/ld option to reload object files
configure:5015: result: -r
configure:5089: checking for objdump
configure:5105: found /usr/bin/objdump
configure:5116: result: objdump
configure:5148: checking how to recognize dependent libraries
configure:5346: result: pass_all
configure:5431: checking for dlltool
configure:5461: result: no
configure:5491: checking how to associate runtime and link libraries
configure:5518: result: printf %s\n
configure:5642: checking for archiver @FILE support
configure:5659: gcc -c -g -O2  conftest.c >&5
configure:5659: $? = 0
configure:5662: ar cru libconftest.a @conftest.lst >&5
configure:5665: $? = 0
configure:5670: ar cru libconftest.a @conftest.lst >&5
ar: conftest.o: No such file or directory
configure:5673: $? = 1
configure:5685: result: @
configure:5743: checking for strip
configure:5759: found /usr/bin/strip
configure:5770: result: strip
configure:5842: checking for ranlib
configure:5858: found /usr/bin/ranlib
configure:5869: result: ranlib
configure:5971: checking command to parse /usr/bin/nm -B output from gcc object
configure:6091: gcc -c -g -O2  conftest.c >&5
configure:6094: $? = 0
configure:6098: /usr/bin/nm -B conftest.o \| sed -n -e 's/^.*[ ]\([ABCDGIRSTW][ABCDGIRSTW]*\)[ ][ ]*\([_A-Za-z][_A-Za-z0-9]*\)$/\1 \2 \2/p' | sed '/ __gnu_lto/d' \> conftest.nm
configure:6101: $? = 0
configure:6167: gcc -o conftest -g -O2   conftest.c conftstm.o >&5
configure:6170: $? = 0
configure:6208: result: ok
configure:6245: checking for sysroot
configure:6275: result: no
configure:6352: gcc -c -g -O2  conftest.c >&5
configure:6355: $? = 0
configure:6538: checking for mt
configure:6554: found /bin/mt
configure:6565: result: mt
configure:6588: checking if mt is a manifest tool
configure:6594: mt '-?'
configure:6602: result: no
configure:7244: checking how to run the C preprocessor
configure:7275: gcc -E  conftest.c
configure:7275: $? = 0
configure:7289: gcc -E  conftest.c
conftest.c:11:28: fatal error: ac_nonexistent.h: No such file or directory
compilation terminated.
configure:7289: $? = 1
configure: failed program was:
| /* confdefs.h */
| #define PACKAGE_NAME "Cfits"
| #define PACKAGE_TARNAME "cfits"
| #define PACKAGE_VERSION "3.2.00"
| #define PACKAGE_STRING "Cfits 3.2.00"
| #define PACKAGE_BUGREPORT "oliv.guyon@gmail.com"
| #define PACKAGE_URL ""
| #define PACKAGE "cfits"
| #define VERSION "3.2.00"
| /* end confdefs.h.  */
| #include <ac_nonexistent.h>
configure:7314: result: gcc -E
configure:7334: gcc -E  conftest.c
configure:7334: $? = 0
configure:7348: gcc -E  conftest.c
conftest.c:11:28: fatal error: ac_nonexistent.h: No such file or directory
compilation terminated.
configure:7348: $? = 1
configure: failed program was:
| /* confdefs.h */
| #define PACKAGE_NAME "Cfits"
| #define PACKAGE_TARNAME "cfits"
| #define PACKAGE_VERSION "3.2.00"
| #define PACKAGE_STRING "Cfits 3.2.00"
| #define PACKAGE_BUGREPORT "oliv.guyon@gmail.com"
| #define PACKAGE_URL ""
| #define PACKAGE "cfits"
| #define VERSION "3.2.00"
| /* end confdefs.h.  */
| #include <ac_nonexistent.h>
configure:7377: checking for ANSI C header files
configure:7397: gcc -c -g -O2  conftest.c >&5
configure:7397: $? = 0
configure:7470: gcc -o conftest -g -O2   conftest.c  >&5
configure:7470: $? = 0
configure:7470: ./conftest
configure:7470: $? = 0
configure:7481: result: yes
configure:7494: checking for sys/types.h
configure:7494: gcc -c -g -O2  conftest.c >&5
configure:7494: $? = 0
configure:7494: result: yes
configure:7494: checking for sys/stat.h
configure:7494: gcc -c -g -O2  conftest.c >&5
configure:7494: $? = 0
configure:7494: result: yes
configure:7494: checking for stdlib.h
configure:7494: gcc -c -g -O2  conftest.c >&5
configure:7494: $? = 0
configure:7494: result: yes
configure:7494: checking for string.h
configure:7494: gcc -c -g -O2  conftest.c >&5
configure:7494: $? = 0
configure:7494: result: yes
configure:7494: checking for memory.h
configure:7494: gcc -c -g -O2  conftest.c >&5
configure:7494: $? = 0
configure:7494: result: yes
configure:7494: checking for strings.h
configure:7494: gcc -c -g -O2  conftest.c >&5
configure:7494: $? = 0
configure:7494: result: yes
configure:7494: checking for inttypes.h
configure:7494: gcc -c -g -O2  conftest.c >&5
configure:7494: $? = 0
configure:7494: result: yes
configure:7494: checking for stdint.h
configure:7494: gcc -c -g -O2  conftest.c >&5
configure:7494: $? = 0
configure:7494: result: yes
configure:7494: checking for unistd.h
configure:7494: gcc -c -g -O2  conftest.c >&5
configure:7494: $? = 0
configure:7494: result: yes
configure:7508: checking for dlfcn.h
configure:7508: gcc -c -g -O2  conftest.c >&5
configure:7508: $? = 0
configure:7508: result: yes
configure:7714: checking for objdir
configure:7729: result: .libs
configure:8000: checking if gcc supports -fno-rtti -fno-exceptions
configure:8018: gcc -c -g -O2  -fno-rtti -fno-exceptions conftest.c >&5
cc1: warning: command line option '-fno-rtti' is valid for C++/ObjC++ but not for C [enabled by default]
configure:8022: $? = 0
configure:8035: result: no
configure:8362: checking for gcc option to produce PIC
configure:8369: result: -fPIC -DPIC
configure:8377: checking if gcc PIC flag -fPIC -DPIC works
configure:8395: gcc -c -g -O2  -fPIC -DPIC -DPIC conftest.c >&5
configure:8399: $? = 0
configure:8412: result: yes
configure:8441: checking if gcc static flag -static works
configure:8469: result: yes
configure:8484: checking if gcc supports -c -o file.o
configure:8505: gcc -c -g -O2  -o out/conftest2.o conftest.c >&5
configure:8509: $? = 0
configure:8531: result: yes
configure:8539: checking if gcc supports -c -o file.o
configure:8586: result: yes
configure:8619: checking whether the gcc linker (/usr/bin/ld -m elf_x86_64) supports shared libraries
configure:9776: result: yes
configure:9813: checking whether -lc should be explicitly linked in
configure:9821: gcc -c -g -O2  conftest.c >&5
configure:9824: $? = 0
configure:9839: gcc -shared  -fPIC -DPIC conftest.o  -v -Wl,-soname -Wl,conftest -o conftest 2\>\&1 \| /bin/grep  -lc  \>/dev/null 2\>\&1
configure:9842: $? = 0
configure:9856: result: no
configure:10016: checking dynamic linker characteristics
configure:10516: gcc -o conftest -g -O2   -Wl,-rpath -Wl,/foo conftest.c  >&5
configure:10516: $? = 0
configure:10750: result: GNU/Linux ld.so
configure:10857: checking how to hardcode library paths into programs
configure:10882: result: immediate
configure:11422: checking whether stripping libraries is possible
configure:11427: result: yes
configure:11462: checking if libtool supports shared libraries
configure:11464: result: yes
configure:11467: checking whether to build shared libraries
configure:11488: result: yes
configure:11491: checking whether to build static libraries
configure:11495: result: yes
configure:11536: checking whether gcc and cc understand -c and -o together
configure:11567: gcc -c conftest.c -o conftest2.o >&5
configure:11571: $? = 0
configure:11577: gcc -c conftest.c -o conftest2.o >&5
configure:11581: $? = 0
configure:11592: cc -c conftest.c >&5
configure:11596: $? = 0
configure:11604: cc -c conftest.c -o conftest2.o >&5
configure:11608: $? = 0
configure:11614: cc -c conftest.c -o conftest2.o >&5
configure:11618: $? = 0
configure:11636: result: yes
configure:11671: checking for gcc option to support OpenMP
configure:11686: gcc -o conftest -g -O2   conftest.c  >&5
conftest.c:25:2: error: unknown type name 'choke'
In file included from conftest.c:27:0:
/usr/lib/gcc/x86_64-linux-gnu/4.7/include/omp.h:34:1: error: expected '=', ',', ';', 'asm' or '__attribute__' before 'typedef'
configure:11686: $? = 1
configure: failed program was:
| /* confdefs.h */
| #define PACKAGE_NAME "Cfits"
| #define PACKAGE_TARNAME "cfits"
| #define PACKAGE_VERSION "3.2.00"
| #define PACKAGE_STRING "Cfits 3.2.00"
| #define PACKAGE_BUGREPORT "oliv.guyon@gmail.com"
| #define PACKAGE_URL ""
| #define PACKAGE "cfits"
| #define VERSION "3.2.00"
| #define STDC_HEADERS 1
| #define HAVE_SYS_TYPES_H 1
| #define HAVE_SYS_STAT_H 1
| #define HAVE_STDLIB_H 1
| #define HAVE_STRING_H 1
| #define HAVE_MEMORY_H 1
| #define HAVE_STRINGS_H 1
| #define HAVE_INTTYPES_H 1
| #define HAVE_STDINT_H 1
| #define HAVE_UNISTD_H 1
| #define HAVE_DLFCN_H 1
| #define LT_OBJDIR ".libs/"
| /* end confdefs.h.  */
| 
| #ifndef _OPENMP
|  choke me
| #endif
| #include <omp.h>
| int main () { return omp_get_num_threads (); }
| 
configure:11704: gcc -o conftest -g -O2 -fopenmp   conftest.c  >&5
configure:11704: $? = 0
configure:11718: result: -fopenmp
configure:11736: checking for bison
configure:11766: result: no
configure:11736: checking for byacc
configure:11766: result: no
configure:11779: checking for flex
configure:11809: result: no
configure:11779: checking for lex
configure:11809: result: no
configure:11971: checking for main in -lm
configure:11990: gcc -o conftest -g -O2  -I/usr/local/include/  conftest.c -lm   >&5
configure:11990: $? = 0
configure:11999: result: yes
configure:12020: checking for clock in -lrt
configure:12045: gcc -o conftest -g -O2  -I/usr/local/include/  conftest.c -lrt  -lm  >&5
configure:12045: $? = 0
configure:12054: result: yes
configure:12076: checking for main in -lgslcblas
configure:12095: gcc -o conftest -g -O2  -I/usr/local/include/  conftest.c -lgslcblas  -lrt -lm  >&5
configure:12095: $? = 0
configure:12104: result: yes
configure:12126: checking for main in -lgsl
configure:12145: gcc -o conftest -g -O2  -I/usr/local/include/  conftest.c -lgsl  -lgslcblas -lrt -lm  >&5
configure:12145: $? = 0
configure:12154: result: yes
configure:12176: checking for main in -lcfitsio
configure:12195: gcc -o conftest -g -O2  -I/usr/local/include/  conftest.c -lcfitsio  -lgsl -lgslcblas -lrt -lm  >&5
configure:12195: $? = 0
configure:12204: result: yes
configure:12227: checking for library containing readline
configure:12258: gcc -o conftest -g -O2  -I/usr/local/include/  conftest.c -lcfitsio -lgsl -lgslcblas -lrt -lm  >&5
/tmp/ccXZ7qY8.o: In function `main':
/home/scexao/src/CfitsDev/Cfits/conftest.c:39: undefined reference to `readline'
collect2: error: ld returned 1 exit status
configure:12258: $? = 1
configure: failed program was:
| /* confdefs.h */
| #define PACKAGE_NAME "Cfits"
| #define PACKAGE_TARNAME "cfits"
| #define PACKAGE_VERSION "3.2.00"
| #define PACKAGE_STRING "Cfits 3.2.00"
| #define PACKAGE_BUGREPORT "oliv.guyon@gmail.com"
| #define PACKAGE_URL ""
| #define PACKAGE "cfits"
| #define VERSION "3.2.00"
| #define STDC_HEADERS 1
| #define HAVE_SYS_TYPES_H 1
| #define HAVE_SYS_STAT_H 1
| #define HAVE_STDLIB_H 1
| #define HAVE_STRING_H 1
| #define HAVE_MEMORY_H 1
| #define HAVE_STRINGS_H 1
| #define HAVE_INTTYPES_H 1
| #define HAVE_STDINT_H 1
| #define HAVE_UNISTD_H 1
| #define HAVE_DLFCN_H 1
| #define LT_OBJDIR ".libs/"
| #define HAVE_LIBM 1
| #define HAVE_LIBRT 1
| #define HAVE_LIBGSLCBLAS 1
| #define HAVE_LIBGSL 1
| #define HAVE_LIBCFITSIO 1
| /* end confdefs.h.  */
| 
| /* Override any GCC internal prototype to avoid an error.
|    Use char because int might match the return type of a GCC
|    builtin and then its argument prototype would still apply.  */
| #ifdef __cplusplus
| extern "C"
| #endif
| char readline ();
| int
| main ()
| {
| return readline ();
|   ;
|   return 0;
| }
configure:12258: gcc -o conftest -g -O2  -I/usr/local/include/  conftest.c -lreadline  -lcfitsio -lgsl -lgslcblas -lrt -lm  >&5
configure:12258: $? = 0
configure:12275: result: -lreadline
configure:12296: checking for initscr in -lncurses
configure:12321: gcc -o conftest -g -O2  -I/usr/local/include/  conftest.c -lncurses  -lreadline -lcfitsio -lgsl -lgslcblas -lrt -lm  >&5
configure:12321: $? = 0
configure:12330: result: yes
configure:12352: checking for main in -lfftw3f
configure:12371: gcc -o conftest -g -O2  -I/usr/local/include/  conftest.c -lfftw3f  -lncurses -lreadline -lcfitsio -lgsl -lgslcblas -lrt -lm  >&5
configure:12371: $? = 0
configure:12380: result: yes
configure:12402: checking for main in -lfftw3
configure:12421: gcc -o conftest -g -O2  -I/usr/local/include/  conftest.c -lfftw3  -lfftw3f -lncurses -lreadline -lcfitsio -lgsl -lgslcblas -lrt -lm  >&5
configure:12421: $? = 0
configure:12430: result: yes
configure:12452: checking for omp_get_num_threads in -lgomp
configure:12477: gcc -o conftest -g -O2  -I/usr/local/include/  conftest.c -lgomp  -lfftw3 -lfftw3f -lncurses -lreadline -lcfitsio -lgsl -lgslcblas -lrt -lm  >&5
configure:12477: $? = 0
configure:12486: result: yes
configure:12680: checking fftw3.h usability
configure:12680: gcc -c -g -O2  -I/usr/local/include/ conftest.c >&5
configure:12680: $? = 0
configure:12680: result: yes
configure:12680: checking fftw3.h presence
configure:12680: gcc -E  -I/usr/local/include/ conftest.c
configure:12680: $? = 0
configure:12680: result: yes
configure:12680: checking for fftw3.h
configure:12680: result: yes
configure:12702: checking fitsio.h usability
configure:12702: gcc -c -g -O2  -I/usr/local/include/ conftest.c >&5
configure:12702: $? = 0
configure:12702: result: yes
configure:12702: checking fitsio.h presence
configure:12702: gcc -E  -I/usr/local/include/ conftest.c
configure:12702: $? = 0
configure:12702: result: yes
configure:12702: checking for fitsio.h
configure:12702: result: yes
configure:12889: checking that generated files are newer than configure
configure:12895: result: done
configure:12918: creating ./config.status

## ---------------------- ##
## Running config.status. ##
## ---------------------- ##

This file was extended by Cfits config.status 3.2.00, which was
generated by GNU Autoconf 2.69.  Invocation command line was

  CONFIG_FILES    = 
  CONFIG_HEADERS  = 
  CONFIG_LINKS    = 
  CONFIG_COMMANDS = 
  $ ./config.status 

on scexao

config.status:1029: creating Makefile
config.status:1029: creating src/Makefile
config.status:1029: creating src/00CORE/Makefile
config.status:1029: creating src/COREMOD_arith/Makefile
config.status:1029: creating src/COREMOD_iofits/Makefile
config.status:1029: creating src/COREMOD_memory/Makefile
config.status:1029: creating src/COREMOD_tools/Makefile
config.status:1029: creating src/info/Makefile
config.status:1029: creating src/fft/Makefile
config.status:1029: creating src/statistic/Makefile
config.status:1029: creating src/image_gen/Makefile
config.status:1029: creating src/WFpropagate/Makefile
config.status:1029: creating src/ZernikePolyn/Makefile
config.status:1029: creating src/coronagraphs/Makefile
config.status:1029: creating src/PIAACMCsimul/Makefile
config.status:1029: creating src/image_format/Makefile
config.status:1029: creating src/SCExAO_DM/Makefile
config.status:1029: creating src/AOsystSim/Makefile
config.status:1029: creating src/AOloopControl/Makefile
config.status:1201: executing depfiles commands
config.status:1201: executing libtool commands

## ---------------- ##
## Cache variables. ##
## ---------------- ##

ac_cv_build=x86_64-unknown-linux-gnu
ac_cv_c_compiler_gnu=yes
ac_cv_env_CC_set=
ac_cv_env_CC_value=
ac_cv_env_CFLAGS_set=
ac_cv_env_CFLAGS_value=
ac_cv_env_CPPFLAGS_set=
ac_cv_env_CPPFLAGS_value=
ac_cv_env_CPP_set=
ac_cv_env_CPP_value=
ac_cv_env_LDFLAGS_set=
ac_cv_env_LDFLAGS_value=
ac_cv_env_LIBS_set=
ac_cv_env_LIBS_value=
ac_cv_env_YACC_set=
ac_cv_env_YACC_value=
ac_cv_env_YFLAGS_set=
ac_cv_env_YFLAGS_value=
ac_cv_env_build_alias_set=
ac_cv_env_build_alias_value=
ac_cv_env_host_alias_set=
ac_cv_env_host_alias_value=
ac_cv_env_target_alias_set=
ac_cv_env_target_alias_value=
ac_cv_header_dlfcn_h=yes
ac_cv_header_fftw3_h=yes
ac_cv_header_fitsio_h=yes
ac_cv_header_inttypes_h=yes
ac_cv_header_memory_h=yes
ac_cv_header_stdc=yes
ac_cv_header_stdint_h=yes
ac_cv_header_stdlib_h=yes
ac_cv_header_string_h=yes
ac_cv_header_strings_h=yes
ac_cv_header_sys_stat_h=yes
ac_cv_header_sys_types_h=yes
ac_cv_header_unistd_h=yes
ac_cv_host=x86_64-unknown-linux-gnu
ac_cv_lib_cfitsio_main=yes
ac_cv_lib_fftw3_main=yes
ac_cv_lib_fftw3f_main=yes
ac_cv_lib_gomp_omp_get_num_threads=yes
ac_cv_lib_gsl_main=yes
ac_cv_lib_gslcblas_main=yes
ac_cv_lib_m_main=yes
ac_cv_lib_ncurses_initscr=yes
ac_cv_lib_rt_clock=yes
ac_cv_objext=o
ac_cv_path_EGREP='/bin/grep -E'
ac_cv_path_FGREP='/bin/grep -F'
ac_cv_path_GREP=/bin/grep
ac_cv_path_SED=/bin/sed
ac_cv_path_install='/usr/bin/install -c'
ac_cv_path_mkdir=/bin/mkdir
ac_cv_prog_AWK=gawk
ac_cv_prog_CPP='gcc -E'
ac_cv_prog_ac_ct_AR=ar
ac_cv_prog_ac_ct_CC=gcc
ac_cv_prog_ac_ct_MANIFEST_TOOL=mt
ac_cv_prog_ac_ct_OBJDUMP=objdump
ac_cv_prog_ac_ct_RANLIB=ranlib
ac_cv_prog_ac_ct_STRIP=strip
ac_cv_prog_c_openmp=-fopenmp
ac_cv_prog_cc_c89=
ac_cv_prog_cc_g=yes
ac_cv_prog_cc_gcc_c_o=yes
ac_cv_prog_make_make_set=yes
ac_cv_search_readline=-lreadline
am_cv_CC_dependencies_compiler_type=gcc3
am_cv_ar_interface=ar
am_cv_make_support_nested_variables=yes
lt_cv_ar_at_file=@
lt_cv_archive_cmds_need_lc=no
lt_cv_deplibs_check_method=pass_all
lt_cv_file_magic_cmd='$MAGIC_CMD'
lt_cv_file_magic_test_file=
lt_cv_ld_reload_flag=-r
lt_cv_nm_interface='BSD nm'
lt_cv_objdir=.libs
lt_cv_path_LD=/usr/bin/ld
lt_cv_path_NM='/usr/bin/nm -B'
lt_cv_path_mainfest_tool=no
lt_cv_prog_compiler_c_o=yes
lt_cv_prog_compiler_pic='-fPIC -DPIC'
lt_cv_prog_compiler_pic_works=yes
lt_cv_prog_compiler_rtti_exceptions=no
lt_cv_prog_compiler_static_works=yes
lt_cv_prog_gnu_ld=yes
lt_cv_sharedlib_from_linklib_cmd='printf %s\n'
lt_cv_shlibpath_overrides_runpath=no
lt_cv_sys_global_symbol_pipe='sed -n -e '\''s/^.*[	 ]\([ABCDGIRSTW][ABCDGIRSTW]*\)[	 ][	 ]*\([_A-Za-z][_A-Za-z0-9]*\)$/\1 \2 \2/p'\'' | sed '\''/ __gnu_lto/d'\'''
lt_cv_sys_global_symbol_to_c_name_address='sed -n -e '\''s/^: \([^ ]*\)[ ]*$/  {\"\1\", (void *) 0},/p'\'' -e '\''s/^[ABCDGIRSTW]* \([^ ]*\) \([^ ]*\)$/  {"\2", (void *) \&\2},/p'\'''
lt_cv_sys_global_symbol_to_c_name_address_lib_prefix='sed -n -e '\''s/^: \([^ ]*\)[ ]*$/  {\"\1\", (void *) 0},/p'\'' -e '\''s/^[ABCDGIRSTW]* \([^ ]*\) \(lib[^ ]*\)$/  {"\2", (void *) \&\2},/p'\'' -e '\''s/^[ABCDGIRSTW]* \([^ ]*\) \([^ ]*\)$/  {"lib\2", (void *) \&\2},/p'\'''
lt_cv_sys_global_symbol_to_cdecl='sed -n -e '\''s/^T .* \(.*\)$/extern int \1();/p'\'' -e '\''s/^[ABCDGIRSTW]* .* \(.*\)$/extern char \1;/p'\'''
lt_cv_sys_max_cmd_len=1572864
lt_cv_to_host_file_cmd=func_convert_file_noop
lt_cv_to_tool_file_cmd=func_convert_file_noop

## ----------------- ##
## Output variables. ##
## ----------------- ##

ACLOCAL='${SHELL} /home/scexao/src/CfitsDev/Cfits/missing aclocal-1.13'
AMDEPBACKSLASH='\'
AMDEP_FALSE='#'
AMDEP_TRUE=''
AMTAR='$${TAR-tar}'
AM_BACKSLASH='\'
AM_DEFAULT_V='$(AM_DEFAULT_VERBOSITY)'
AM_DEFAULT_VERBOSITY='1'
AM_V='$(V)'
AR='ar'
AUTOCONF='${SHELL} /home/scexao/src/CfitsDev/Cfits/missing autoconf'
AUTOHEADER='${SHELL} /home/scexao/src/CfitsDev/Cfits/missing autoheader'
AUTOMAKE='${SHELL} /home/scexao/src/CfitsDev/Cfits/missing automake-1.13'
AWK='gawk'
CC='gcc'
CCDEPMODE='depmode=gcc3'
CFLAGS='-g -O2'
CPP='gcc -E'
CPPFLAGS=' -I/usr/local/include/'
CYGPATH_W='echo'
DEFS='-DPACKAGE_NAME=\"Cfits\" -DPACKAGE_TARNAME=\"cfits\" -DPACKAGE_VERSION=\"3.2.00\" -DPACKAGE_STRING=\"Cfits\ 3.2.00\" -DPACKAGE_BUGREPORT=\"oliv.guyon@gmail.com\" -DPACKAGE_URL=\"\" -DPACKAGE=\"cfits\" -DVERSION=\"3.2.00\" -DSTDC_HEADERS=1 -DHAVE_SYS_TYPES_H=1 -DHAVE_SYS_STAT_H=1 -DHAVE_STDLIB_H=1 -DHAVE_STRING_H=1 -DHAVE_MEMORY_H=1 -DHAVE_STRINGS_H=1 -DHAVE_INTTYPES_H=1 -DHAVE_STDINT_H=1 -DHAVE_UNISTD_H=1 -DHAVE_DLFCN_H=1 -DLT_OBJDIR=\".libs/\" -DHAVE_LIBM=1 -DHAVE_LIBRT=1 -DHAVE_LIBGSLCBLAS=1 -DHAVE_LIBGSL=1 -DHAVE_LIBCFITSIO=1 -DHAVE_READLINE_H=1 -DHAVE_LIBNCURSES=1 -DHAVE_LIBFFTW3F=1 -DHAVE_LIBFFTW3=1 -DHAVE_LIBGOMP=1 -DHAVE_FFTW3_H=1 -DHAVE_FITSIO_H=1'
DEPDIR='.deps'
DLLTOOL='false'
DSYMUTIL=''
DUMPBIN=''
ECHO_C=''
ECHO_N='-n'
ECHO_T=''
EGREP='/bin/grep -E'
EXECNAME='Cfits'
EXEEXT=''
FGREP='/bin/grep -F'
GREP='/bin/grep'
INSTALL_DATA='${INSTALL} -m 644'
INSTALL_PROGRAM='${INSTALL}'
INSTALL_SCRIPT='${INSTALL}'
INSTALL_STRIP_PROGRAM='$(install_sh) -c -s'
LD='/usr/bin/ld -m elf_x86_64'
LDFLAGS=''
LEX='${SHELL} /home/scexao/src/CfitsDev/Cfits/missing flex'
LEXLIB=''
LEX_OUTPUT_ROOT=''
LIBOBJS=''
LIBS='-lgomp -lfftw3 -lfftw3f -lncurses -lreadline -lcfitsio -lgsl -lgslcblas -lrt -lm '
LIBTOOL='$(SHELL) $(top_builddir)/libtool'
LIPO=''
LN_S='ln -s'
LTLIBOBJS=''
MAKEINFO='${SHELL} /home/scexao/src/CfitsDev/Cfits/missing makeinfo'
MANIFEST_TOOL=':'
MKDIR_P='/bin/mkdir -p'
NM='/usr/bin/nm -B'
NMEDIT=''
OBJDUMP='objdump'
OBJEXT='o'
OPENMP_CFLAGS='-fopenmp'
OTOOL64=''
OTOOL=''
PACKAGE='cfits'
PACKAGE_BUGREPORT='oliv.guyon@gmail.com'
PACKAGE_NAME='Cfits'
PACKAGE_STRING='Cfits 3.2.00'
PACKAGE_TARNAME='cfits'
PACKAGE_URL=''
PACKAGE_VERSION='3.2.00'
PATH_SEPARATOR=':'
RANLIB='ranlib'
SED='/bin/sed'
SET_MAKE=''
SHELL='/bin/bash'
STRIP='strip'
VERSION='3.2.00'
YACC='yacc'
YFLAGS=''
ac_ct_AR='ar'
ac_ct_CC='gcc'
ac_ct_DUMPBIN=''
am__EXEEXT_FALSE=''
am__EXEEXT_TRUE='#'
am__fastdepCC_FALSE='#'
am__fastdepCC_TRUE=''
am__include='include'
am__isrc=''
am__leading_dot='.'
am__nodep='_no'
am__quote=''
am__tar='$${TAR-tar} chof - "$$tardir"'
am__untar='$${TAR-tar} xf -'
bindir='${exec_prefix}/bin'
build='x86_64-unknown-linux-gnu'
build_alias=''
build_cpu='x86_64'
build_os='linux-gnu'
build_vendor='unknown'
datadir='${datarootdir}'
datarootdir='${prefix}/share'
docdir='${datarootdir}/doc/${PACKAGE_TARNAME}'
dvidir='${docdir}'
exec_prefix='${prefix}'
host='x86_64-unknown-linux-gnu'
host_alias=''
host_cpu='x86_64'
host_os='linux-gnu'
host_vendor='unknown'
htmldir='${docdir}'
includedir='${prefix}/include'
infodir='${datarootdir}/info'
install_sh='${SHELL} /home/scexao/src/CfitsDev/Cfits/install-sh'
libdir='${exec_prefix}/lib'
libexecdir='${exec_prefix}/libexec'
localedir='${datarootdir}/locale'
localstatedir='${prefix}/var'
mandir='${datarootdir}/man'
mkdir_p='$(MKDIR_P)'
oldincludedir='/usr/include'
pdfdir='${docdir}'
prefix='/home/scexao/src/CfitsDev/Cfits'
program_transform_name='s,x,x,'
psdir='${docdir}'
sbindir='${exec_prefix}/sbin'
sharedstatedir='${prefix}/com'
sysconfdir='${prefix}/etc'
target_alias=''

## ----------- ##
## confdefs.h. ##
## ----------- ##

/* confdefs.h */
#define PACKAGE_NAME "Cfits"
#define PACKAGE_TARNAME "cfits"
#define PACKAGE_VERSION "3.2.00"
#define PACKAGE_STRING "Cfits 3.2.00"
#define PACKAGE_BUGREPORT "oliv.guyon@gmail.com"
#define PACKAGE_URL ""
#define PACKAGE "cfits"
#define VERSION "3.2.00"
#define STDC_HEADERS 1
#define HAVE_SYS_TYPES_H 1
#define HAVE_SYS_STAT_H 1
#define HAVE_STDLIB_H 1
#define HAVE_STRING_H 1
#define HAVE_MEMORY_H 1
#define HAVE_STRINGS_H 1
#define HAVE_INTTYPES_H 1
#define HAVE_STDINT_H 1
#define HAVE_UNISTD_H 1
#define HAVE_DLFCN_H 1
#define LT_OBJDIR ".libs/"
#define HAVE_LIBM 1
#define HAVE_LIBRT 1
#define HAVE_LIBGSLCBLAS 1
#define HAVE_LIBGSL 1
#define HAVE_LIBCFITSIO 1
#define HAVE_READLINE_H 1
#define HAVE_LIBNCURSES 1
#define HAVE_LIBFFTW3F 1
#define HAVE_LIBFFTW3 1
#define HAVE_LIBGOMP 1
#define HAVE_FFTW3_H 1
#define HAVE_FITSIO_H 1

configure: exit 0
