======== NEW SESSION ===========
WARNING: File AOloopsetup.bash does not exist
creating loop number 7
creating loop name loop7
======== NEW SESSION ===========
WARNING: File AOloopsetup.bash does not exist
LOOPNUMBER = 7
LOOPNAME = loop7
======== NEW SESSION ===========
LOOPNUMBER = 7
LOOPNAME = loop7
======== NEW SESSION ===========
LOOPNUMBER = 7
LOOPNAME = loop7
======== NEW SESSION ===========
LOOPNUMBER = 7
LOOPNAME = loop7
======== NEW SESSION ===========
WARNING: File AOloopsetup.bash does not exist
LOOPNUMBER = 7
LOOPNAME = loop7
======== NEW SESSION ===========
WARNING: File AOloopsetup.bash does not exist
LOOPNUMBER = 7
LOOPNAME = loop7
======== NEW SESSION ===========
WARNING: File AOloopsetup.bash does not exist
LOOPNUMBER = 7
LOOPNAME = loop7
